<?xml version="1.0" encoding="UTF-8"?>
<testng-results ignored="0" total="2" passed="2" failed="0" skipped="0">
  <reporter-output>
  </reporter-output>
  <suite started-at="2021-04-30T15:26:01 IST" name="Default suite" finished-at="2021-04-30T15:27:35 IST" duration-ms="94877">
    <groups>
    </groups>
    <test started-at="2021-04-30T15:26:01 IST" name="Default test" finished-at="2021-04-30T15:27:35 IST" duration-ms="94877">
      <class name="TestngAmazon.SingingAmazonAndRedmi">
        <test-method is-config="true" signature="extentreport()[pri:0, instance:TestngAmazon.SingingAmazonAndRedmi@4efac082]" started-at="2021-04-30T15:26:00 IST" name="extentreport" finished-at="2021-04-30T15:26:01 IST" duration-ms="265" status="PASS">
          <reporter-output>
          </reporter-output>
        </test-method> <!-- extentreport -->
        <test-method is-config="true" signature="Invoking()[pri:0, instance:TestngAmazon.SingingAmazonAndRedmi@4efac082]" started-at="2021-04-30T15:26:01 IST" name="Invoking" finished-at="2021-04-30T15:26:36 IST" duration-ms="35668" status="PASS">
          <reporter-output>
          </reporter-output>
        </test-method> <!-- Invoking -->
        <test-method signature="SigningHomepage()[pri:0, instance:TestngAmazon.SingingAmazonAndRedmi@4efac082]" started-at="2021-04-30T15:26:36 IST" name="SigningHomepage" finished-at="2021-04-30T15:27:19 IST" duration-ms="42369" status="PASS">
          <reporter-output>
          </reporter-output>
        </test-method> <!-- SigningHomepage -->
        <test-method signature="RedmiMobile()[pri:0, instance:TestngAmazon.SingingAmazonAndRedmi@4efac082]" started-at="2021-04-30T15:27:19 IST" name="RedmiMobile" finished-at="2021-04-30T15:27:35 IST" depends-on-methods="TestngAmazon.SingingAmazonAndRedmi.SigningHomepage" duration-ms="16143" status="PASS">
          <reporter-output>
          </reporter-output>
        </test-method> <!-- RedmiMobile -->
        <test-method is-config="true" signature="endTest()[pri:0, instance:TestngAmazon.SingingAmazonAndRedmi@4efac082]" started-at="2021-04-30T15:27:35 IST" name="endTest" finished-at="2021-04-30T15:27:35 IST" duration-ms="643" status="PASS">
          <reporter-output>
          </reporter-output>
        </test-method> <!-- endTest -->
      </class> <!-- TestngAmazon.SingingAmazonAndRedmi -->
    </test> <!-- Default test -->
  </suite> <!-- Default suite -->
</testng-results>
