<?xml version="1.0" encoding="UTF-8"?>
<testng-results total="2" passed="2" failed="0" skipped="0">
  <reporter-output>
  </reporter-output>
  <suite started-at="2021-04-29T12:55:56Z" name="Suite" finished-at="2021-04-29T12:57:34Z" duration-ms="98000">
    <groups>
    </groups>
    <test started-at="2021-04-29T12:55:56Z" name="Test" finished-at="2021-04-29T12:57:34Z" duration-ms="98000">
      <class name="TestngAmazon.ProductSearch">
        <test-method signature="RedmiMobile()[pri:0, instance:TestngAmazon.ProductSearch@78a773fd]" started-at="2021-04-29T18:27:19Z" name="RedmiMobile" finished-at="2021-04-29T18:27:34Z" duration-ms="14875" status="PASS">
          <reporter-output>
          </reporter-output>
        </test-method> <!-- RedmiMobile -->
      </class> <!-- TestngAmazon.ProductSearch -->
      <class name="TestngAmazon.SingingAmazon">
        <test-method is-config="true" signature="Invoking()[pri:0, instance:TestngAmazon.SingingAmazon@1e4d3ce5]" started-at="2021-04-29T18:25:56Z" name="Invoking" finished-at="2021-04-29T18:26:40Z" duration-ms="44495" status="PASS">
          <reporter-output>
          </reporter-output>
        </test-method> <!-- Invoking -->
        <test-method signature="SigningHomepage()[pri:0, instance:TestngAmazon.SingingAmazon@1e4d3ce5]" started-at="2021-04-29T18:26:40Z" name="SigningHomepage" finished-at="2021-04-29T18:27:19Z" duration-ms="38479" status="PASS">
          <reporter-output>
          </reporter-output>
        </test-method> <!-- SigningHomepage -->
      </class> <!-- TestngAmazon.SingingAmazon -->
    </test> <!-- Test -->
  </suite> <!-- Suite -->
</testng-results>
