<?xml version="1.0" encoding="UTF-8"?>
<!-- Generated by org.testng.reporters.JUnitXMLReporter -->
<testsuite ignored="0" hostname="DESKTOP-NM8RQ6R" failures="0" tests="2" name="Test" time="4.527" errors="0" timestamp="2021-04-30T13:17:02 IST">
  <testcase classname="TestngAmazon.SingingAmazonAndRedmi" name="@BeforeTest Invoking" time="4.441">
    <failure type="java.lang.NullPointerException" message="Cannot invoke &amp;quot;com.aventstack.extentreports.ExtentTest.log(com.aventstack.extentreports.Status, com.aventstack.extentreports.markuputils.Markup)&amp;quot; because &amp;quot;this.test&amp;quot; is null">
      <![CDATA[java.lang.NullPointerException: Cannot invoke "com.aventstack.extentreports.ExtentTest.log(com.aventstack.extentreports.Status, com.aventstack.extentreports.markuputils.Markup)" because "this.test" is null
at TestngAmazon.SingingAmazonAndRedmi.Invoking(SingingAmazonAndRedmi.java:29)
... Removed 24 stack frames]]>
    </failure>
  </testcase> <!-- @BeforeTest Invoking -->
  <testcase classname="TestngAmazon.SingingAmazonAndRedmi" name="SigningHomepage" time="0.0">
    <skipped/>
  </testcase> <!-- SigningHomepage -->
  <testcase classname="TestngAmazon.SingingAmazonAndRedmi" name="RedmiMobile" time="0.0">
    <skipped/>
  </testcase> <!-- RedmiMobile -->
</testsuite> <!-- Test -->
